<?xml version="1.0" encoding="UTF-8"?>
<!-- Generated by org.testng.reporters.JUnitReportReporter -->
<testsuite hostname="Lana" failures="0" tests="1" name="itBootcampProjekat.Proba" time="24.801" errors="0" timestamp="2021-10-11T21:32:00 CEST" skipped="0">
  <testcase classname="itBootcampProjekat.Proba" name="clickOnCards" time="24.801"/>
  <system-out/>
</testsuite> <!-- itBootcampProjekat.Proba -->
